<?xml version="1.0" encoding="UTF-8"?>
<testng-results skipped="0" failed="0" ignored="1" total="2" passed="1">
  <reporter-output>
  </reporter-output>
  <suite name="Default suite" duration-ms="14546" started-at="2020-11-15T11:10:06 PST" finished-at="2020-11-15T11:10:21 PST">
    <groups>
    </groups>
    <test name="Default test" duration-ms="14546" started-at="2020-11-15T11:10:06 PST" finished-at="2020-11-15T11:10:21 PST">
      <class name="restcountries.RestCountries.TestCountryCode">
        <test-method status="PASS" signature="param_countryCode()[pri:1, instance:restcountries.RestCountries.TestCountryCode@1efed156]" name="param_countryCode" duration-ms="14501" started-at="2020-11-15T11:10:06 PST" finished-at="2020-11-15T11:10:21 PST">
          <reporter-output>
          </reporter-output>
        </test-method> <!-- param_countryCode -->
      </class> <!-- restcountries.RestCountries.TestCountryCode -->
    </test> <!-- Default test -->
  </suite> <!-- Default suite -->
</testng-results>
