<?xml version="1.0" encoding="UTF-8"?>
<!-- Generated by org.testng.reporters.JUnitXMLReporter -->
<testsuite hostname="DESKTOP-5K0ARHJ" ignored="1" name="Default test" tests="1" failures="0" timestamp="2020-11-15T11:10:21 PST" time="14.546" errors="0">
  <testcase name="param_countryCode" time="14.501" classname="restcountries.RestCountries.TestCountryCode"/>
  <testcase name="check_URI" time="0.0" classname="restcountries.RestCountries.TestCountryCode">
    <ignored/>
  </testcase> <!-- check_URI -->
</testsuite> <!-- Default test -->
